Closing open session in favor of incoming prekey bundle
Error fetching files: Error: Connection Closed
    at sendRawMessage (C:\Users\Digital Architect SR\Desktop\bot_da\node_modules\@whiskeysockets\baileys\lib\Socket\socket.js:54:19)
    at sendNode (C:\Users\Digital Architect SR\Desktop\bot_da\node_modules\@whiskeysockets\baileys\lib\Socket\socket.js:73:16)
    at query (C:\Users\Digital Architect SR\Desktop\bot_da\node_modules\@whiskeysockets\baileys\lib\Socket\socket.js:137:15)
    at groupQuery (C:\Users\Digital Architect SR\Desktop\bot_da\node_modules\@whiskeysockets\baileys\lib\Socket\groups.js:12:55)
    at groupMetadata (C:\Users\Digital Architect SR\Desktop\bot_da\node_modules\@whiskeysockets\baileys\lib\Socket\groups.js:22:30)
    at C:\Users\Digital Architect SR\Desktop\bot_da\node_modules\@whiskeysockets\baileys\lib\Socket\messages-send.js:290:47
    at C:\Users\Digital Architect SR\Desktop\bot_da\node_modules\@whiskeysockets\baileys\lib\Socket\messages-send.js:293:23
    at Object.transaction (C:\Users\Digital Architect SR\Desktop\bot_da\node_modules\@whiskeysockets\baileys\lib\Utils\auth-utils.js:136:32)
    at relayMessage (C:\Users\Digital Architect SR\Desktop\bot_da\node_modules\@whiskeysockets\baileys\lib\Socket\messages-send.js:279:30)
    at Object.sendMessage (C:\Users\Digital Architect SR\Desktop\bot_da\node_modules\@whiskeysockets\baileys\lib\Socket\messages-send.js:652:23) {
  data: null,
  isBoom: true,
  isServer: false,
  output: {
    statusCode: 428,
    payload: {
      statusCode: 428,
      error: 'Precondition Required',
      message: 'Connection Closed'
    },
    headers: {}
  }
}
Error: Timed Out
    at C:\Users\Digital Architect SR\Desktop\bot_da\node_modules\@whiskeysockets\baileys\lib\Utils\generics.js:137:32 {
  data: {
    stack: 'Error\n' +
      '    at promiseTimeout (C:\\Users\\Digital Architect SR\\Desktop\\bot_da\\node_modules\\@whiskeysockets\\baileys\\lib\\Utils\\generics.js:132:19)\n' +
      '    at waitForMessage (C:\\Users\\Digital Architect SR\\Desktop\\bot_da\\node_modules\\@whiskeysockets\\baileys\\lib\\Socket\\socket.js:114:53)\n' +
      '    at query (C:\\Users\\Digital Architect SR\\Desktop\\bot_da\\node_modules\\@whiskeysockets\\baileys\\lib\\Socket\\socket.js:136:22)\n' +
      '    at groupQuery (C:\\Users\\Digital Architect SR\\Desktop\\bot_da\\node_modules\\@whiskeysockets\\baileys\\lib\\Socket\\groups.js:12:55)\n' +
      '    at groupMetadata (C:\\Users\\Digital Architect SR\\Desktop\\bot_da\\node_modules\\@whiskeysockets\\baileys\\lib\\Socket\\groups.js:22:30)\n' +
      '    at C:\\Users\\Digital Architect SR\\Desktop\\bot_da\\node_modules\\@whiskeysockets\\baileys\\lib\\Socket\\messages-send.js:290:47\n' +
      '    at C:\\Users\\Digital Architect SR\\Desktop\\bot_da\\node_modules\\@whiskeysockets\\baileys\\lib\\Socket\\messages-send.js:293:23\n' +
      '    at Object.transaction (C:\\Users\\Digital Architect SR\\Desktop\\bot_da\\node_modules\\@whiskeysockets\\baileys\\lib\\Utils\\auth-utils.js:136:32)\n' +
      '    at relayMessage (C:\\Users\\Digital Architect SR\\Desktop\\bot_da\\node_modules\\@whiskeysockets\\baileys\\lib\\Socket\\messages-send.js:279:30)\n' +
      '    at Object.sendMessage (C:\\Users\\Digital Architect SR\\Desktop\\bot_da\\node_modules\\@whiskeysockets\\baileys\\lib\\Socket\\messages-send.js:652:23)'
  },
  isBoom: true,
  isServer: false,
  output: {
    statusCode: 408,
    payload: {
      statusCode: 408,
      error: 'Request Time-out',
      message: 'Timed Out'
    },
    headers: {}
  }
}
Error fetching files: Error: Connection Closed
    at sendRawMessage (C:\Users\Digital Architect SR\Desktop\bot_da\node_modules\@whiskeysockets\baileys\lib\Socket\socket.js:54:19)
    at sendNode (C:\Users\Digital Architect SR\Desktop\bot_da\node_modules\@whiskeysockets\baileys\lib\Socket\socket.js:73:16)
    at query (C:\Users\Digital Architect SR\Desktop\bot_da\node_modules\@whiskeysockets\baileys\lib\Socket\socket.js:137:15)
    at groupQuery (C:\Users\Digital Architect SR\Desktop\bot_da\node_modules\@whiskeysockets\baileys\lib\Socket\groups.js:12:55)
    at groupMetadata (C:\Users\Digital Architect SR\Desktop\bot_da\node_modules\@whiskeysockets\baileys\lib\Socket\groups.js:22:30)
    at C:\Users\Digital Architect SR\Desktop\bot_da\node_modules\@whiskeysockets\baileys\lib\Socket\messages-send.js:290:47
    at C:\Users\Digital Architect SR\Desktop\bot_da\node_modules\@whiskeysockets\baileys\lib\Socket\messages-send.js:293:23
    at Object.transaction (C:\Users\Digital Architect SR\Desktop\bot_da\node_modules\@whiskeysockets\baileys\lib\Utils\auth-utils.js:136:32)
    at relayMessage (C:\Users\Digital Architect SR\Desktop\bot_da\node_modules\@whiskeysockets\baileys\lib\Socket\messages-send.js:279:30)
    at Object.sendMessage (C:\Users\Digital Architect SR\Desktop\bot_da\node_modules\@whiskeysockets\baileys\lib\Socket\messages-send.js:652:23) {
  data: null,
  isBoom: true,
  isServer: false,
  output: {
    statusCode: 428,
    payload: {
      statusCode: 428,
      error: 'Precondition Required',
      message: 'Connection Closed'
    },
    headers: {}
  }
}
Error: Timed Out
    at C:\Users\Digital Architect SR\Desktop\bot_da\node_modules\@whiskeysockets\baileys\lib\Utils\generics.js:137:32
    at runNextTicks (node:internal/process/task_queues:60:5)
    at process.processTimers (node:internal/timers:511:9) {
  data: {
    stack: 'Error\n' +
      '    at promiseTimeout (C:\\Users\\Digital Architect SR\\Desktop\\bot_da\\node_modules\\@whiskeysockets\\baileys\\lib\\Utils\\generics.js:132:19)\n' +
      '    at waitForMessage (C:\\Users\\Digital Architect SR\\Desktop\\bot_da\\node_modules\\@whiskeysockets\\baileys\\lib\\Socket\\socket.js:114:53)\n' +
      '    at query (C:\\Users\\Digital Architect SR\\Desktop\\bot_da\\node_modules\\@whiskeysockets\\baileys\\lib\\Socket\\socket.js:136:22)\n' +
      '    at groupQuery (C:\\Users\\Digital Architect SR\\Desktop\\bot_da\\node_modules\\@whiskeysockets\\baileys\\lib\\Socket\\groups.js:12:55)\n' +
      '    at groupMetadata (C:\\Users\\Digital Architect SR\\Desktop\\bot_da\\node_modules\\@whiskeysockets\\baileys\\lib\\Socket\\groups.js:22:30)\n' +
      '    at C:\\Users\\Digital Architect SR\\Desktop\\bot_da\\node_modules\\@whiskeysockets\\baileys\\lib\\Socket\\messages-send.js:290:47\n' +
      '    at C:\\Users\\Digital Architect SR\\Desktop\\bot_da\\node_modules\\@whiskeysockets\\baileys\\lib\\Socket\\messages-send.js:293:23\n' +
      '    at Object.transaction (C:\\Users\\Digital Architect SR\\Desktop\\bot_da\\node_modules\\@whiskeysockets\\baileys\\lib\\Utils\\auth-utils.js:136:32)\n' +
      '    at relayMessage (C:\\Users\\Digital Architect SR\\Desktop\\bot_da\\node_modules\\@whiskeysockets\\baileys\\lib\\Socket\\messages-send.js:279:30)\n' +
      '    at Object.sendMessage (C:\\Users\\Digital Architect SR\\Desktop\\bot_da\\node_modules\\@whiskeysockets\\baileys\\lib\\Socket\\messages-send.js:652:23)'
  },
  isBoom: true,
  isServer: false,
  output: {
    statusCode: 408,
    payload: {
      statusCode: 408,
      error: 'Request Time-out',
      message: 'Timed Out'
    },
    headers: {}
  }
}
Error fetching files: Error: Connection Closed
    at sendRawMessage (C:\Users\Digital Architect SR\Desktop\bot_da\node_modules\@whiskeysockets\baileys\lib\Socket\socket.js:54:19)
    at sendNode (C:\Users\Digital Architect SR\Desktop\bot_da\node_modules\@whiskeysockets\baileys\lib\Socket\socket.js:73:16)
    at query (C:\Users\Digital Architect SR\Desktop\bot_da\node_modules\@whiskeysockets\baileys\lib\Socket\socket.js:137:15)
    at groupQuery (C:\Users\Digital Architect SR\Desktop\bot_da\node_modules\@whiskeysockets\baileys\lib\Socket\groups.js:12:55)
    at groupMetadata (C:\Users\Digital Architect SR\Desktop\bot_da\node_modules\@whiskeysockets\baileys\lib\Socket\groups.js:22:30)
    at C:\Users\Digital Architect SR\Desktop\bot_da\node_modules\@whiskeysockets\baileys\lib\Socket\messages-send.js:290:47
    at C:\Users\Digital Architect SR\Desktop\bot_da\node_modules\@whiskeysockets\baileys\lib\Socket\messages-send.js:293:23
    at Object.transaction (C:\Users\Digital Architect SR\Desktop\bot_da\node_modules\@whiskeysockets\baileys\lib\Utils\auth-utils.js:136:32)
    at relayMessage (C:\Users\Digital Architect SR\Desktop\bot_da\node_modules\@whiskeysockets\baileys\lib\Socket\messages-send.js:279:30)
    at Object.sendMessage (C:\Users\Digital Architect SR\Desktop\bot_da\node_modules\@whiskeysockets\baileys\lib\Socket\messages-send.js:652:23) {
  data: null,
  isBoom: true,
  isServer: false,
  output: {
    statusCode: 428,
    payload: {
      statusCode: 428,
      error: 'Precondition Required',
      message: 'Connection Closed'
    },
    headers: {}
  }
}
Error: Timed Out
    at C:\Users\Digital Architect SR\Desktop\bot_da\node_modules\@whiskeysockets\baileys\lib\Utils\generics.js:137:32 {
  data: {
    stack: 'Error\n' +
      '    at promiseTimeout (C:\\Users\\Digital Architect SR\\Desktop\\bot_da\\node_modules\\@whiskeysockets\\baileys\\lib\\Utils\\generics.js:132:19)\n' +
      '    at waitForMessage (C:\\Users\\Digital Architect SR\\Desktop\\bot_da\\node_modules\\@whiskeysockets\\baileys\\lib\\Socket\\socket.js:114:53)\n' +
      '    at query (C:\\Users\\Digital Architect SR\\Desktop\\bot_da\\node_modules\\@whiskeysockets\\baileys\\lib\\Socket\\socket.js:136:22)\n' +
      '    at groupQuery (C:\\Users\\Digital Architect SR\\Desktop\\bot_da\\node_modules\\@whiskeysockets\\baileys\\lib\\Socket\\groups.js:12:55)\n' +
      '    at groupMetadata (C:\\Users\\Digital Architect SR\\Desktop\\bot_da\\node_modules\\@whiskeysockets\\baileys\\lib\\Socket\\groups.js:22:30)\n' +
      '    at C:\\Users\\Digital Architect SR\\Desktop\\bot_da\\node_modules\\@whiskeysockets\\baileys\\lib\\Socket\\messages-send.js:290:47\n' +
      '    at C:\\Users\\Digital Architect SR\\Desktop\\bot_da\\node_modules\\@whiskeysockets\\baileys\\lib\\Socket\\messages-send.js:293:23\n' +
      '    at Object.transaction (C:\\Users\\Digital Architect SR\\Desktop\\bot_da\\node_modules\\@whiskeysockets\\baileys\\lib\\Utils\\auth-utils.js:136:32)\n' +
      '    at relayMessage (C:\\Users\\Digital Architect SR\\Desktop\\bot_da\\node_modules\\@whiskeysockets\\baileys\\lib\\Socket\\messages-send.js:279:30)\n' +
      '    at Object.sendMessage (C:\\Users\\Digital Architect SR\\Desktop\\bot_da\\node_modules\\@whiskeysockets\\baileys\\lib\\Socket\\messages-send.js:652:23)'
  },
  isBoom: true,
  isServer: false,
  output: {
    statusCode: 408,
    payload: {
      statusCode: 408,
      error: 'Request Time-out',
      message: 'Timed Out'
    },
    headers: {}
  }
}
Error fetching files: Error: Connection Closed
    at sendRawMessage (C:\Users\Digital Architect SR\Desktop\bot_da\node_modules\@whiskeysockets\baileys\lib\Socket\socket.js:54:19)
    at sendNode (C:\Users\Digital Architect SR\Desktop\bot_da\node_modules\@whiskeysockets\baileys\lib\Socket\socket.js:73:16)
    at query (C:\Users\Digital Architect SR\Desktop\bot_da\node_modules\@whiskeysockets\baileys\lib\Socket\socket.js:137:15)
    at groupQuery (C:\Users\Digital Architect SR\Desktop\bot_da\node_modules\@whiskeysockets\baileys\lib\Socket\groups.js:12:55)
    at groupMetadata (C:\Users\Digital Architect SR\Desktop\bot_da\node_modules\@whiskeysockets\baileys\lib\Socket\groups.js:22:30)
    at C:\Users\Digital Architect SR\Desktop\bot_da\node_modules\@whiskeysockets\baileys\lib\Socket\messages-send.js:290:47
    at C:\Users\Digital Architect SR\Desktop\bot_da\node_modules\@whiskeysockets\baileys\lib\Socket\messages-send.js:293:23
    at Object.transaction (C:\Users\Digital Architect SR\Desktop\bot_da\node_modules\@whiskeysockets\baileys\lib\Utils\auth-utils.js:136:32)
    at relayMessage (C:\Users\Digital Architect SR\Desktop\bot_da\node_modules\@whiskeysockets\baileys\lib\Socket\messages-send.js:279:30)
    at Object.sendMessage (C:\Users\Digital Architect SR\Desktop\bot_da\node_modules\@whiskeysockets\baileys\lib\Socket\messages-send.js:652:23) {
  data: null,
  isBoom: true,
  isServer: false,
  output: {
    statusCode: 428,
    payload: {
      statusCode: 428,
      error: 'Precondition Required',
      message: 'Connection Closed'
    },
    headers: {}
  }
}
Error: Timed Out
    at C:\Users\Digital Architect SR\Desktop\bot_da\node_modules\@whiskeysockets\baileys\lib\Utils\generics.js:137:32 {
  data: {
    stack: 'Error\n' +
      '    at promiseTimeout (C:\\Users\\Digital Architect SR\\Desktop\\bot_da\\node_modules\\@whiskeysockets\\baileys\\lib\\Utils\\generics.js:132:19)\n' +
      '    at waitForMessage (C:\\Users\\Digital Architect SR\\Desktop\\bot_da\\node_modules\\@whiskeysockets\\baileys\\lib\\Socket\\socket.js:114:53)\n' +
      '    at query (C:\\Users\\Digital Architect SR\\Desktop\\bot_da\\node_modules\\@whiskeysockets\\baileys\\lib\\Socket\\socket.js:136:22)\n' +
      '    at groupQuery (C:\\Users\\Digital Architect SR\\Desktop\\bot_da\\node_modules\\@whiskeysockets\\baileys\\lib\\Socket\\groups.js:12:55)\n' +
      '    at groupMetadata (C:\\Users\\Digital Architect SR\\Desktop\\bot_da\\node_modules\\@whiskeysockets\\baileys\\lib\\Socket\\groups.js:22:30)\n' +
      '    at C:\\Users\\Digital Architect SR\\Desktop\\bot_da\\node_modules\\@whiskeysockets\\baileys\\lib\\Socket\\messages-send.js:290:47\n' +
      '    at C:\\Users\\Digital Architect SR\\Desktop\\bot_da\\node_modules\\@whiskeysockets\\baileys\\lib\\Socket\\messages-send.js:293:23\n' +
      '    at Object.transaction (C:\\Users\\Digital Architect SR\\Desktop\\bot_da\\node_modules\\@whiskeysockets\\baileys\\lib\\Utils\\auth-utils.js:136:32)\n' +
      '    at relayMessage (C:\\Users\\Digital Architect SR\\Desktop\\bot_da\\node_modules\\@whiskeysockets\\baileys\\lib\\Socket\\messages-send.js:279:30)\n' +
      '    at Object.sendMessage (C:\\Users\\Digital Architect SR\\Desktop\\bot_da\\node_modules\\@whiskeysockets\\baileys\\lib\\Socket\\messages-send.js:652:23)'
  },
  isBoom: true,
  isServer: false,
  output: {
    statusCode: 408,
    payload: {
      statusCode: 408,
      error: 'Request Time-out',
      message: 'Timed Out'
    },
    headers: {}
  }
}
Error fetching files: Error: Connection Closed
    at sendRawMessage (C:\Users\Digital Architect SR\Desktop\bot_da\node_modules\@whiskeysockets\baileys\lib\Socket\socket.js:54:19)
    at sendNode (C:\Users\Digital Architect SR\Desktop\bot_da\node_modules\@whiskeysockets\baileys\lib\Socket\socket.js:73:16)
    at query (C:\Users\Digital Architect SR\Desktop\bot_da\node_modules\@whiskeysockets\baileys\lib\Socket\socket.js:137:15)
    at groupQuery (C:\Users\Digital Architect SR\Desktop\bot_da\node_modules\@whiskeysockets\baileys\lib\Socket\groups.js:12:55)
    at groupMetadata (C:\Users\Digital Architect SR\Desktop\bot_da\node_modules\@whiskeysockets\baileys\lib\Socket\groups.js:22:30)
    at C:\Users\Digital Architect SR\Desktop\bot_da\node_modules\@whiskeysockets\baileys\lib\Socket\messages-send.js:290:47
    at C:\Users\Digital Architect SR\Desktop\bot_da\node_modules\@whiskeysockets\baileys\lib\Socket\messages-send.js:293:23
    at Object.transaction (C:\Users\Digital Architect SR\Desktop\bot_da\node_modules\@whiskeysockets\baileys\lib\Utils\auth-utils.js:136:32)
    at relayMessage (C:\Users\Digital Architect SR\Desktop\bot_da\node_modules\@whiskeysockets\baileys\lib\Socket\messages-send.js:279:30)
    at Object.sendMessage (C:\Users\Digital Architect SR\Desktop\bot_da\node_modules\@whiskeysockets\baileys\lib\Socket\messages-send.js:652:23) {
  data: null,
  isBoom: true,
  isServer: false,
  output: {
    statusCode: 428,
    payload: {
      statusCode: 428,
      error: 'Precondition Required',
      message: 'Connection Closed'
    },
    headers: {}
  }
}
Error: Timed Out
    at C:\Users\Digital Architect SR\Desktop\bot_da\node_modules\@whiskeysockets\baileys\lib\Utils\generics.js:137:32 {
  data: {
    stack: 'Error\n' +
      '    at promiseTimeout (C:\\Users\\Digital Architect SR\\Desktop\\bot_da\\node_modules\\@whiskeysockets\\baileys\\lib\\Utils\\generics.js:132:19)\n' +
      '    at waitForMessage (C:\\Users\\Digital Architect SR\\Desktop\\bot_da\\node_modules\\@whiskeysockets\\baileys\\lib\\Socket\\socket.js:114:53)\n' +
      '    at query (C:\\Users\\Digital Architect SR\\Desktop\\bot_da\\node_modules\\@whiskeysockets\\baileys\\lib\\Socket\\socket.js:136:22)\n' +
      '    at groupQuery (C:\\Users\\Digital Architect SR\\Desktop\\bot_da\\node_modules\\@whiskeysockets\\baileys\\lib\\Socket\\groups.js:12:55)\n' +
      '    at groupMetadata (C:\\Users\\Digital Architect SR\\Desktop\\bot_da\\node_modules\\@whiskeysockets\\baileys\\lib\\Socket\\groups.js:22:30)\n' +
      '    at C:\\Users\\Digital Architect SR\\Desktop\\bot_da\\node_modules\\@whiskeysockets\\baileys\\lib\\Socket\\messages-send.js:290:47\n' +
      '    at C:\\Users\\Digital Architect SR\\Desktop\\bot_da\\node_modules\\@whiskeysockets\\baileys\\lib\\Socket\\messages-send.js:293:23\n' +
      '    at Object.transaction (C:\\Users\\Digital Architect SR\\Desktop\\bot_da\\node_modules\\@whiskeysockets\\baileys\\lib\\Utils\\auth-utils.js:136:32)\n' +
      '    at relayMessage (C:\\Users\\Digital Architect SR\\Desktop\\bot_da\\node_modules\\@whiskeysockets\\baileys\\lib\\Socket\\messages-send.js:279:30)\n' +
      '    at Object.sendMessage (C:\\Users\\Digital Architect SR\\Desktop\\bot_da\\node_modules\\@whiskeysockets\\baileys\\lib\\Socket\\messages-send.js:652:23)'
  },
  isBoom: true,
  isServer: false,
  output: {
    statusCode: 408,
    payload: {
      statusCode: 408,
      error: 'Request Time-out',
      message: 'Timed Out'
    },
    headers: {}
  }
}
Error fetching files: Error: Connection Closed
    at sendRawMessage (C:\Users\Digital Architect SR\Desktop\bot_da\node_modules\@whiskeysockets\baileys\lib\Socket\socket.js:54:19)
    at sendNode (C:\Users\Digital Architect SR\Desktop\bot_da\node_modules\@whiskeysockets\baileys\lib\Socket\socket.js:73:16)
    at query (C:\Users\Digital Architect SR\Desktop\bot_da\node_modules\@whiskeysockets\baileys\lib\Socket\socket.js:137:15)
    at groupQuery (C:\Users\Digital Architect SR\Desktop\bot_da\node_modules\@whiskeysockets\baileys\lib\Socket\groups.js:12:55)
    at groupMetadata (C:\Users\Digital Architect SR\Desktop\bot_da\node_modules\@whiskeysockets\baileys\lib\Socket\groups.js:22:30)
    at C:\Users\Digital Architect SR\Desktop\bot_da\node_modules\@whiskeysockets\baileys\lib\Socket\messages-send.js:290:47
    at C:\Users\Digital Architect SR\Desktop\bot_da\node_modules\@whiskeysockets\baileys\lib\Socket\messages-send.js:293:23
    at Object.transaction (C:\Users\Digital Architect SR\Desktop\bot_da\node_modules\@whiskeysockets\baileys\lib\Utils\auth-utils.js:136:32)
    at relayMessage (C:\Users\Digital Architect SR\Desktop\bot_da\node_modules\@whiskeysockets\baileys\lib\Socket\messages-send.js:279:30)
    at Object.sendMessage (C:\Users\Digital Architect SR\Desktop\bot_da\node_modules\@whiskeysockets\baileys\lib\Socket\messages-send.js:652:23) {
  data: null,
  isBoom: true,
  isServer: false,
  output: {
    statusCode: 428,
    payload: {
      statusCode: 428,
      error: 'Precondition Required',
      message: 'Connection Closed'
    },
    headers: {}
  }
}
Error: Timed Out
    at C:\Users\Digital Architect SR\Desktop\bot_da\node_modules\@whiskeysockets\baileys\lib\Utils\generics.js:137:32 {
  data: {
    stack: 'Error\n' +
      '    at promiseTimeout (C:\\Users\\Digital Architect SR\\Desktop\\bot_da\\node_modules\\@whiskeysockets\\baileys\\lib\\Utils\\generics.js:132:19)\n' +
      '    at waitForMessage (C:\\Users\\Digital Architect SR\\Desktop\\bot_da\\node_modules\\@whiskeysockets\\baileys\\lib\\Socket\\socket.js:114:53)\n' +
      '    at query (C:\\Users\\Digital Architect SR\\Desktop\\bot_da\\node_modules\\@whiskeysockets\\baileys\\lib\\Socket\\socket.js:136:22)\n' +
      '    at groupQuery (C:\\Users\\Digital Architect SR\\Desktop\\bot_da\\node_modules\\@whiskeysockets\\baileys\\lib\\Socket\\groups.js:12:55)\n' +
      '    at groupMetadata (C:\\Users\\Digital Architect SR\\Desktop\\bot_da\\node_modules\\@whiskeysockets\\baileys\\lib\\Socket\\groups.js:22:30)\n' +
      '    at C:\\Users\\Digital Architect SR\\Desktop\\bot_da\\node_modules\\@whiskeysockets\\baileys\\lib\\Socket\\messages-send.js:290:47\n' +
      '    at C:\\Users\\Digital Architect SR\\Desktop\\bot_da\\node_modules\\@whiskeysockets\\baileys\\lib\\Socket\\messages-send.js:293:23\n' +
      '    at Object.transaction (C:\\Users\\Digital Architect SR\\Desktop\\bot_da\\node_modules\\@whiskeysockets\\baileys\\lib\\Utils\\auth-utils.js:136:32)\n' +
      '    at relayMessage (C:\\Users\\Digital Architect SR\\Desktop\\bot_da\\node_modules\\@whiskeysockets\\baileys\\lib\\Socket\\messages-send.js:279:30)\n' +
      '    at Object.sendMessage (C:\\Users\\Digital Architect SR\\Desktop\\bot_da\\node_modules\\@whiskeysockets\\baileys\\lib\\Socket\\messages-send.js:652:23)'
  },
  isBoom: true,
  isServer: false,
  output: {
    statusCode: 408,
    payload: {
      statusCode: 408,
      error: 'Request Time-out',
      message: 'Timed Out'
    },
    headers: {}
  }
}
Error fetching files: Error: Connection Closed
    at sendRawMessage (C:\Users\Digital Architect SR\Desktop\bot_da\node_modules\@whiskeysockets\baileys\lib\Socket\socket.js:54:19)
    at sendNode (C:\Users\Digital Architect SR\Desktop\bot_da\node_modules\@whiskeysockets\baileys\lib\Socket\socket.js:73:16)
    at query (C:\Users\Digital Architect SR\Desktop\bot_da\node_modules\@whiskeysockets\baileys\lib\Socket\socket.js:137:15)
    at groupQuery (C:\Users\Digital Architect SR\Desktop\bot_da\node_modules\@whiskeysockets\baileys\lib\Socket\groups.js:12:55)
    at groupMetadata (C:\Users\Digital Architect SR\Desktop\bot_da\node_modules\@whiskeysockets\baileys\lib\Socket\groups.js:22:30)
    at C:\Users\Digital Architect SR\Desktop\bot_da\node_modules\@whiskeysockets\baileys\lib\Socket\messages-send.js:290:47
    at C:\Users\Digital Architect SR\Desktop\bot_da\node_modules\@whiskeysockets\baileys\lib\Socket\messages-send.js:293:23
    at Object.transaction (C:\Users\Digital Architect SR\Desktop\bot_da\node_modules\@whiskeysockets\baileys\lib\Utils\auth-utils.js:136:32)
    at relayMessage (C:\Users\Digital Architect SR\Desktop\bot_da\node_modules\@whiskeysockets\baileys\lib\Socket\messages-send.js:279:30)
    at Object.sendMessage (C:\Users\Digital Architect SR\Desktop\bot_da\node_modules\@whiskeysockets\baileys\lib\Socket\messages-send.js:652:23) {
  data: null,
  isBoom: true,
  isServer: false,
  output: {
    statusCode: 428,
    payload: {
      statusCode: 428,
      error: 'Precondition Required',
      message: 'Connection Closed'
    },
    headers: {}
  }
}
Error: Timed Out
    at C:\Users\Digital Architect SR\Desktop\bot_da\node_modules\@whiskeysockets\baileys\lib\Utils\generics.js:137:32 {
  data: {
    stack: 'Error\n' +
      '    at promiseTimeout (C:\\Users\\Digital Architect SR\\Desktop\\bot_da\\node_modules\\@whiskeysockets\\baileys\\lib\\Utils\\generics.js:132:19)\n' +
      '    at waitForMessage (C:\\Users\\Digital Architect SR\\Desktop\\bot_da\\node_modules\\@whiskeysockets\\baileys\\lib\\Socket\\socket.js:114:53)\n' +
      '    at query (C:\\Users\\Digital Architect SR\\Desktop\\bot_da\\node_modules\\@whiskeysockets\\baileys\\lib\\Socket\\socket.js:136:22)\n' +
      '    at groupQuery (C:\\Users\\Digital Architect SR\\Desktop\\bot_da\\node_modules\\@whiskeysockets\\baileys\\lib\\Socket\\groups.js:12:55)\n' +
      '    at groupMetadata (C:\\Users\\Digital Architect SR\\Desktop\\bot_da\\node_modules\\@whiskeysockets\\baileys\\lib\\Socket\\groups.js:22:30)\n' +
      '    at C:\\Users\\Digital Architect SR\\Desktop\\bot_da\\node_modules\\@whiskeysockets\\baileys\\lib\\Socket\\messages-send.js:290:47\n' +
      '    at C:\\Users\\Digital Architect SR\\Desktop\\bot_da\\node_modules\\@whiskeysockets\\baileys\\lib\\Socket\\messages-send.js:293:23\n' +
      '    at Object.transaction (C:\\Users\\Digital Architect SR\\Desktop\\bot_da\\node_modules\\@whiskeysockets\\baileys\\lib\\Utils\\auth-utils.js:136:32)\n' +
      '    at relayMessage (C:\\Users\\Digital Architect SR\\Desktop\\bot_da\\node_modules\\@whiskeysockets\\baileys\\lib\\Socket\\messages-send.js:279:30)\n' +
      '    at Object.sendMessage (C:\\Users\\Digital Architect SR\\Desktop\\bot_da\\node_modules\\@whiskeysockets\\baileys\\lib\\Socket\\messages-send.js:652:23)'
  },
  isBoom: true,
  isServer: false,
  output: {
    statusCode: 408,
    payload: {
      statusCode: 408,
      error: 'Request Time-out',
      message: 'Timed Out'
    },
    headers: {}
  }
}
Error fetching files: Error: Connection Closed
    at sendRawMessage (C:\Users\Digital Architect SR\Desktop\bot_da\node_modules\@whiskeysockets\baileys\lib\Socket\socket.js:54:19)
    at sendNode (C:\Users\Digital Architect SR\Desktop\bot_da\node_modules\@whiskeysockets\baileys\lib\Socket\socket.js:73:16)
    at query (C:\Users\Digital Architect SR\Desktop\bot_da\node_modules\@whiskeysockets\baileys\lib\Socket\socket.js:137:15)
    at groupQuery (C:\Users\Digital Architect SR\Desktop\bot_da\node_modules\@whiskeysockets\baileys\lib\Socket\groups.js:12:55)
    at groupMetadata (C:\Users\Digital Architect SR\Desktop\bot_da\node_modules\@whiskeysockets\baileys\lib\Socket\groups.js:22:30)
    at C:\Users\Digital Architect SR\Desktop\bot_da\node_modules\@whiskeysockets\baileys\lib\Socket\messages-send.js:290:47
    at C:\Users\Digital Architect SR\Desktop\bot_da\node_modules\@whiskeysockets\baileys\lib\Socket\messages-send.js:293:23
    at Object.transaction (C:\Users\Digital Architect SR\Desktop\bot_da\node_modules\@whiskeysockets\baileys\lib\Utils\auth-utils.js:136:32)
    at relayMessage (C:\Users\Digital Architect SR\Desktop\bot_da\node_modules\@whiskeysockets\baileys\lib\Socket\messages-send.js:279:30)
    at Object.sendMessage (C:\Users\Digital Architect SR\Desktop\bot_da\node_modules\@whiskeysockets\baileys\lib\Socket\messages-send.js:652:23) {
  data: null,
  isBoom: true,
  isServer: false,
  output: {
    statusCode: 428,
    payload: {
      statusCode: 428,
      error: 'Precondition Required',
      message: 'Connection Closed'
    },
    headers: {}
  }
}
Error: Timed Out
    at C:\Users\Digital Architect SR\Desktop\bot_da\node_modules\@whiskeysockets\baileys\lib\Utils\generics.js:137:32 {
  data: {
    stack: 'Error\n' +
      '    at promiseTimeout (C:\\Users\\Digital Architect SR\\Desktop\\bot_da\\node_modules\\@whiskeysockets\\baileys\\lib\\Utils\\generics.js:132:19)\n' +
      '    at waitForMessage (C:\\Users\\Digital Architect SR\\Desktop\\bot_da\\node_modules\\@whiskeysockets\\baileys\\lib\\Socket\\socket.js:114:53)\n' +
      '    at query (C:\\Users\\Digital Architect SR\\Desktop\\bot_da\\node_modules\\@whiskeysockets\\baileys\\lib\\Socket\\socket.js:136:22)\n' +
      '    at groupQuery (C:\\Users\\Digital Architect SR\\Desktop\\bot_da\\node_modules\\@whiskeysockets\\baileys\\lib\\Socket\\groups.js:12:55)\n' +
      '    at groupMetadata (C:\\Users\\Digital Architect SR\\Desktop\\bot_da\\node_modules\\@whiskeysockets\\baileys\\lib\\Socket\\groups.js:22:30)\n' +
      '    at C:\\Users\\Digital Architect SR\\Desktop\\bot_da\\node_modules\\@whiskeysockets\\baileys\\lib\\Socket\\messages-send.js:290:47\n' +
      '    at C:\\Users\\Digital Architect SR\\Desktop\\bot_da\\node_modules\\@whiskeysockets\\baileys\\lib\\Socket\\messages-send.js:293:23\n' +
      '    at Object.transaction (C:\\Users\\Digital Architect SR\\Desktop\\bot_da\\node_modules\\@whiskeysockets\\baileys\\lib\\Utils\\auth-utils.js:136:32)\n' +
      '    at relayMessage (C:\\Users\\Digital Architect SR\\Desktop\\bot_da\\node_modules\\@whiskeysockets\\baileys\\lib\\Socket\\messages-send.js:279:30)\n' +
      '    at Object.sendMessage (C:\\Users\\Digital Architect SR\\Desktop\\bot_da\\node_modules\\@whiskeysockets\\baileys\\lib\\Socket\\messages-send.js:652:23)'
  },
  isBoom: true,
  isServer: false,
  output: {
    statusCode: 408,
    payload: {
      statusCode: 408,
      error: 'Request Time-out',
      message: 'Timed Out'
    },
    headers: {}
  }
}
Error fetching data or sending messages: AxiosError: read ECONNRESET
    at AxiosError.from (C:\Users\Digital Architect SR\Desktop\bot_da\node_modules\axios\dist\node\axios.cjs:836:14)
    at RedirectableRequest.handleRequestError (C:\Users\Digital Architect SR\Desktop\bot_da\node_modules\axios\dist\node\axios.cjs:3086:25)
    at RedirectableRequest.emit (node:events:518:28)
    at eventHandlers.<computed> (C:\Users\Digital Architect SR\Desktop\bot_da\node_modules\follow-redirects\index.js:38:24)
    at ClientRequest.emit (node:events:518:28)
    at TLSSocket.socketErrorListener (node:_http_client:500:9)
    at TLSSocket.emit (node:events:518:28)
    at emitErrorNT (node:internal/streams/destroy:169:8)
    at emitErrorCloseNT (node:internal/streams/destroy:128:3)
    at process.processTicksAndRejections (node:internal/process/task_queues:82:21)
    at Axios.request (C:\Users\Digital Architect SR\Desktop\bot_da\node_modules\axios\dist\node\axios.cjs:3876:41)
    at process.processTicksAndRejections (node:internal/process/task_queues:95:5)
    at async sendMessagesBasedOnData (C:\Users\Digital Architect SR\Desktop\bot_da\helper.js:107:26)
    at async cron.schedule.scheduled [as _execution] (C:\Users\Digital Architect SR\Desktop\bot_da\helper.js:1820:13) {
  syscall: 'read',
  code: 'ECONNRESET',
  errno: -4077,
  config: {
    transitional: {
      silentJSONParsing: true,
      forcedJSONParsing: true,
      clarifyTimeoutError: false
    },
    adapter: [ 'xhr', 'http' ],
    transformRequest: [ [Function: transformRequest] ],
    transformResponse: [ [Function: transformResponse] ],
    timeout: 0,
    xsrfCookieName: 'XSRF-TOKEN',
    xsrfHeaderName: 'X-XSRF-TOKEN',
    maxContentLength: -1,
    maxBodyLength: -1,
    env: { FormData: [Function], Blob: [class Blob] },
    validateStatus: [Function: validateStatus],
    headers: Object [AxiosHeaders] {
      Accept: 'application/json, text/plain, */*',
      'Content-Type': undefined,
      'User-Agent': 'axios/1.6.8',
      'Accept-Encoding': 'gzip, compress, deflate, br'
    },
    method: 'get',
    url: 'https://qc-apps.srs-ssms.com/api/getmsgsmartlabs',
    data: undefined
  },
  request: <ref *1> Writable {
    _events: {
      close: undefined,
      error: [Function: handleRequestError],
      prefinish: undefined,
      finish: undefined,
      drain: undefined,
      response: [Function: handleResponse],
      socket: [Function: handleRequestSocket]
    },
    _writableState: WritableState {
      highWaterMark: 16384,
      length: 0,
      corked: 0,
      onwrite: [Function: bound onwrite],
      writelen: 0,
      bufferedIndex: 0,
      pendingcb: 0,
      [Symbol(kState)]: 17580812,
      [Symbol(kBufferedValue)]: null
    },
    _maxListeners: undefined,
    _options: {
      maxRedirects: 21,
      maxBodyLength: Infinity,
      protocol: 'https:',
      path: '/api/getmsgsmartlabs',
      method: 'GET',
      headers: [Object: null prototype],
      agents: [Object],
      auth: undefined,
      family: undefined,
      beforeRedirect: [Function: dispatchBeforeRedirect],
      beforeRedirects: [Object],
      hostname: 'qc-apps.srs-ssms.com',
      port: '',
      agent: undefined,
      nativeProtocols: [Object],
      pathname: '/api/getmsgsmartlabs'
    },
    _ended: true,
    _ending: true,
    _redirectCount: 0,
    _redirects: [],
    _requestBodyLength: 0,
    _requestBodyBuffers: [],
    _eventsCount: 3,
    _onNativeResponse: [Function (anonymous)],
    _currentRequest: ClientRequest {
      _events: [Object: null prototype],
      _eventsCount: 7,
      _maxListeners: undefined,
      outputData: [],
      outputSize: 0,
      writable: true,
      destroyed: false,
      _last: true,
      chunkedEncoding: false,
      shouldKeepAlive: true,
      maxRequestsOnConnectionReached: false,
      _defaultKeepAlive: true,
      useChunkedEncodingByDefault: false,
      sendDate: false,
      _removedConnection: false,
      _removedContLen: false,
      _removedTE: false,
      strictContentLength: false,
      _contentLength: 0,
      _hasBody: true,
      _trailer: '',
      finished: true,
      _headerSent: true,
      _closed: false,
      socket: [TLSSocket],
      _header: 'GET /api/getmsgsmartlabs HTTP/1.1\r\n' +
        'Accept: application/json, text/plain, */*\r\n' +
        'User-Agent: axios/1.6.8\r\n' +
        'Accept-Encoding: gzip, compress, deflate, br\r\n' +
        'Host: qc-apps.srs-ssms.com\r\n' +
        'Connection: keep-alive\r\n' +
        '\r\n',
      _keepAliveTimeout: 0,
      _onPendingData: [Function: nop],
      agent: [Agent],
      socketPath: undefined,
      method: 'GET',
      maxHeaderSize: undefined,
      insecureHTTPParser: undefined,
      joinDuplicateHeaders: undefined,
      path: '/api/getmsgsmartlabs',
      _ended: false,
      res: null,
      aborted: false,
      timeoutCb: [Function: emitRequestTimeout],
      upgradeOrConnect: false,
      parser: null,
      maxHeadersCount: null,
      reusedSocket: false,
      host: 'qc-apps.srs-ssms.com',
      protocol: 'https:',
      _redirectable: [Circular *1],
      [Symbol(shapeMode)]: false,
      [Symbol(kCapture)]: false,
      [Symbol(kBytesWritten)]: 0,
      [Symbol(kNeedDrain)]: false,
      [Symbol(corked)]: 0,
      [Symbol(kOutHeaders)]: [Object: null prototype],
      [Symbol(errored)]: null,
      [Symbol(kHighWaterMark)]: 16384,
      [Symbol(kRejectNonStandardBodyWrites)]: false,
      [Symbol(kUniqueHeaders)]: null
    },
    _currentUrl: 'https://qc-apps.srs-ssms.com/api/getmsgsmartlabs',
    [Symbol(shapeMode)]: true,
    [Symbol(kCapture)]: false
  },
  cause: Error: read ECONNRESET
      at TLSWrap.onStreamRead (node:internal/stream_base_commons:217:20) {
    errno: -4077,
    code: 'ECONNRESET',
    syscall: 'read'
  }
}
Error fetching files: Error: Connection Closed
    at sendRawMessage (C:\Users\Digital Architect SR\Desktop\bot_da\node_modules\@whiskeysockets\baileys\lib\Socket\socket.js:54:19)
    at sendNode (C:\Users\Digital Architect SR\Desktop\bot_da\node_modules\@whiskeysockets\baileys\lib\Socket\socket.js:73:16)
    at query (C:\Users\Digital Architect SR\Desktop\bot_da\node_modules\@whiskeysockets\baileys\lib\Socket\socket.js:137:15)
    at groupQuery (C:\Users\Digital Architect SR\Desktop\bot_da\node_modules\@whiskeysockets\baileys\lib\Socket\groups.js:12:55)
    at groupMetadata (C:\Users\Digital Architect SR\Desktop\bot_da\node_modules\@whiskeysockets\baileys\lib\Socket\groups.js:22:30)
    at C:\Users\Digital Architect SR\Desktop\bot_da\node_modules\@whiskeysockets\baileys\lib\Socket\messages-send.js:290:47
    at C:\Users\Digital Architect SR\Desktop\bot_da\node_modules\@whiskeysockets\baileys\lib\Socket\messages-send.js:293:23
    at Object.transaction (C:\Users\Digital Architect SR\Desktop\bot_da\node_modules\@whiskeysockets\baileys\lib\Utils\auth-utils.js:136:32)
    at relayMessage (C:\Users\Digital Architect SR\Desktop\bot_da\node_modules\@whiskeysockets\baileys\lib\Socket\messages-send.js:279:30)
    at Object.sendMessage (C:\Users\Digital Architect SR\Desktop\bot_da\node_modules\@whiskeysockets\baileys\lib\Socket\messages-send.js:652:23) {
  data: null,
  isBoom: true,
  isServer: false,
  output: {
    statusCode: 428,
    payload: {
      statusCode: 428,
      error: 'Precondition Required',
      message: 'Connection Closed'
    },
    headers: {}
  }
}
Error: Timed Out
    at C:\Users\Digital Architect SR\Desktop\bot_da\node_modules\@whiskeysockets\baileys\lib\Utils\generics.js:137:32 {
  data: {
    stack: 'Error\n' +
      '    at promiseTimeout (C:\\Users\\Digital Architect SR\\Desktop\\bot_da\\node_modules\\@whiskeysockets\\baileys\\lib\\Utils\\generics.js:132:19)\n' +
      '    at waitForMessage (C:\\Users\\Digital Architect SR\\Desktop\\bot_da\\node_modules\\@whiskeysockets\\baileys\\lib\\Socket\\socket.js:114:53)\n' +
      '    at query (C:\\Users\\Digital Architect SR\\Desktop\\bot_da\\node_modules\\@whiskeysockets\\baileys\\lib\\Socket\\socket.js:136:22)\n' +
      '    at groupQuery (C:\\Users\\Digital Architect SR\\Desktop\\bot_da\\node_modules\\@whiskeysockets\\baileys\\lib\\Socket\\groups.js:12:55)\n' +
      '    at groupMetadata (C:\\Users\\Digital Architect SR\\Desktop\\bot_da\\node_modules\\@whiskeysockets\\baileys\\lib\\Socket\\groups.js:22:30)\n' +
      '    at C:\\Users\\Digital Architect SR\\Desktop\\bot_da\\node_modules\\@whiskeysockets\\baileys\\lib\\Socket\\messages-send.js:290:47\n' +
      '    at C:\\Users\\Digital Architect SR\\Desktop\\bot_da\\node_modules\\@whiskeysockets\\baileys\\lib\\Socket\\messages-send.js:293:23\n' +
      '    at Object.transaction (C:\\Users\\Digital Architect SR\\Desktop\\bot_da\\node_modules\\@whiskeysockets\\baileys\\lib\\Utils\\auth-utils.js:136:32)\n' +
      '    at relayMessage (C:\\Users\\Digital Architect SR\\Desktop\\bot_da\\node_modules\\@whiskeysockets\\baileys\\lib\\Socket\\messages-send.js:279:30)\n' +
      '    at Object.sendMessage (C:\\Users\\Digital Architect SR\\Desktop\\bot_da\\node_modules\\@whiskeysockets\\baileys\\lib\\Socket\\messages-send.js:652:23)'
  },
  isBoom: true,
  isServer: false,
  output: {
    statusCode: 408,
    payload: {
      statusCode: 408,
      error: 'Request Time-out',
      message: 'Timed Out'
    },
    headers: {}
  }
}
Error fetching data or sending messages: AxiosError: read ECONNRESET
    at AxiosError.from (C:\Users\Digital Architect SR\Desktop\bot_da\node_modules\axios\dist\node\axios.cjs:836:14)
    at RedirectableRequest.handleRequestError (C:\Users\Digital Architect SR\Desktop\bot_da\node_modules\axios\dist\node\axios.cjs:3086:25)
    at RedirectableRequest.emit (node:events:518:28)
    at eventHandlers.<computed> (C:\Users\Digital Architect SR\Desktop\bot_da\node_modules\follow-redirects\index.js:38:24)
    at ClientRequest.emit (node:events:518:28)
    at TLSSocket.socketErrorListener (node:_http_client:500:9)
    at TLSSocket.emit (node:events:518:28)
    at emitErrorNT (node:internal/streams/destroy:169:8)
    at emitErrorCloseNT (node:internal/streams/destroy:128:3)
    at process.processTicksAndRejections (node:internal/process/task_queues:82:21)
    at Axios.request (C:\Users\Digital Architect SR\Desktop\bot_da\node_modules\axios\dist\node\axios.cjs:3876:41)
    at process.processTicksAndRejections (node:internal/process/task_queues:95:5)
    at async sendMessagesBasedOnData (C:\Users\Digital Architect SR\Desktop\bot_da\helper.js:107:26)
    at async cron.schedule.scheduled [as _execution] (C:\Users\Digital Architect SR\Desktop\bot_da\helper.js:1820:13) {
  syscall: 'read',
  code: 'ECONNRESET',
  errno: -4077,
  config: {
    transitional: {
      silentJSONParsing: true,
      forcedJSONParsing: true,
      clarifyTimeoutError: false
    },
    adapter: [ 'xhr', 'http' ],
    transformRequest: [ [Function: transformRequest] ],
    transformResponse: [ [Function: transformResponse] ],
    timeout: 0,
    xsrfCookieName: 'XSRF-TOKEN',
    xsrfHeaderName: 'X-XSRF-TOKEN',
    maxContentLength: -1,
    maxBodyLength: -1,
    env: { FormData: [Function], Blob: [class Blob] },
    validateStatus: [Function: validateStatus],
    headers: Object [AxiosHeaders] {
      Accept: 'application/json, text/plain, */*',
      'Content-Type': undefined,
      'User-Agent': 'axios/1.6.8',
      'Accept-Encoding': 'gzip, compress, deflate, br'
    },
    method: 'get',
    url: 'https://qc-apps.srs-ssms.com/api/getmsgsmartlabs',
    data: undefined
  },
  request: <ref *1> Writable {
    _events: {
      close: undefined,
      error: [Function: handleRequestError],
      prefinish: undefined,
      finish: undefined,
      drain: undefined,
      response: [Function: handleResponse],
      socket: [Function: handleRequestSocket]
    },
    _writableState: WritableState {
      highWaterMark: 16384,
      length: 0,
      corked: 0,
      onwrite: [Function: bound onwrite],
      writelen: 0,
      bufferedIndex: 0,
      pendingcb: 0,
      [Symbol(kState)]: 17580812,
      [Symbol(kBufferedValue)]: null
    },
    _maxListeners: undefined,
    _options: {
      maxRedirects: 21,
      maxBodyLength: Infinity,
      protocol: 'https:',
      path: '/api/getmsgsmartlabs',
      method: 'GET',
      headers: [Object: null prototype],
      agents: [Object],
      auth: undefined,
      family: undefined,
      beforeRedirect: [Function: dispatchBeforeRedirect],
      beforeRedirects: [Object],
      hostname: 'qc-apps.srs-ssms.com',
      port: '',
      agent: undefined,
      nativeProtocols: [Object],
      pathname: '/api/getmsgsmartlabs'
    },
    _ended: true,
    _ending: true,
    _redirectCount: 0,
    _redirects: [],
    _requestBodyLength: 0,
    _requestBodyBuffers: [],
    _eventsCount: 3,
    _onNativeResponse: [Function (anonymous)],
    _currentRequest: ClientRequest {
      _events: [Object: null prototype],
      _eventsCount: 7,
      _maxListeners: undefined,
      outputData: [],
      outputSize: 0,
      writable: true,
      destroyed: false,
      _last: true,
      chunkedEncoding: false,
      shouldKeepAlive: true,
      maxRequestsOnConnectionReached: false,
      _defaultKeepAlive: true,
      useChunkedEncodingByDefault: false,
      sendDate: false,
      _removedConnection: false,
      _removedContLen: false,
      _removedTE: false,
      strictContentLength: false,
      _contentLength: 0,
      _hasBody: true,
      _trailer: '',
      finished: true,
      _headerSent: true,
      _closed: false,
      socket: [TLSSocket],
      _header: 'GET /api/getmsgsmartlabs HTTP/1.1\r\n' +
        'Accept: application/json, text/plain, */*\r\n' +
        'User-Agent: axios/1.6.8\r\n' +
        'Accept-Encoding: gzip, compress, deflate, br\r\n' +
        'Host: qc-apps.srs-ssms.com\r\n' +
        'Connection: keep-alive\r\n' +
        '\r\n',
      _keepAliveTimeout: 0,
      _onPendingData: [Function: nop],
      agent: [Agent],
      socketPath: undefined,
      method: 'GET',
      maxHeaderSize: undefined,
      insecureHTTPParser: undefined,
      joinDuplicateHeaders: undefined,
      path: '/api/getmsgsmartlabs',
      _ended: false,
      res: null,
      aborted: false,
      timeoutCb: [Function: emitRequestTimeout],
      upgradeOrConnect: false,
      parser: null,
      maxHeadersCount: null,
      reusedSocket: false,
      host: 'qc-apps.srs-ssms.com',
      protocol: 'https:',
      _redirectable: [Circular *1],
      [Symbol(shapeMode)]: false,
      [Symbol(kCapture)]: false,
      [Symbol(kBytesWritten)]: 0,
      [Symbol(kNeedDrain)]: false,
      [Symbol(corked)]: 0,
      [Symbol(kOutHeaders)]: [Object: null prototype],
      [Symbol(errored)]: null,
      [Symbol(kHighWaterMark)]: 16384,
      [Symbol(kRejectNonStandardBodyWrites)]: false,
      [Symbol(kUniqueHeaders)]: null
    },
    _currentUrl: 'https://qc-apps.srs-ssms.com/api/getmsgsmartlabs',
    [Symbol(shapeMode)]: true,
    [Symbol(kCapture)]: false
  },
  cause: Error: read ECONNRESET
      at TLSWrap.onStreamRead (node:internal/stream_base_commons:217:20) {
    errno: -4077,
    code: 'ECONNRESET',
    syscall: 'read'
  }
}
