Server Berjalan pada Port : 8000
opened connection
ping google
data kosong
Server Berjalan pada Port : 8000
opened connection
Status updated: { message: 'Record updated successfully' }
data kosong
Error fetching files: Error: forbidden
    at assertNodeErrorFree (C:\Users\Digital Architect SR\Desktop\bot_grading\node_modules\@whiskeysockets\baileys\lib\WABinary\generic-utils.js:56:15)
    at query (C:\Users\Digital Architect SR\Desktop\bot_grading\node_modules\@whiskeysockets\baileys\lib\Socket\socket.js:140:48)
    at process.processTicksAndRejections (node:internal/process/task_queues:95:5)
    at async groupMetadata (C:\Users\Digital Architect SR\Desktop\bot_grading\node_modules\@whiskeysockets\baileys\lib\Socket\groups.js:22:24)
    at async C:\Users\Digital Architect SR\Desktop\bot_grading\node_modules\@whiskeysockets\baileys\lib\Socket\messages-send.js:290:41
    at async Promise.all (index 0)
    at async C:\Users\Digital Architect SR\Desktop\bot_grading\node_modules\@whiskeysockets\baileys\lib\Socket\messages-send.js:283:51
    at async Object.transaction (C:\Users\Digital Architect SR\Desktop\bot_grading\node_modules\@whiskeysockets\baileys\lib\Utils\auth-utils.js:136:26)
    at async relayMessage (C:\Users\Digital Architect SR\Desktop\bot_grading\node_modules\@whiskeysockets\baileys\lib\Socket\messages-send.js:279:9)
    at async Object.sendMessage (C:\Users\Digital Architect SR\Desktop\bot_grading\node_modules\@whiskeysockets\baileys\lib\Socket\messages-send.js:652:17) {
  data: 403,
  isBoom: true,
  isServer: true,
  output: {
    statusCode: 500,
    payload: {
      statusCode: 500,
      error: 'Internal Server Error',
      message: 'An internal server error occurred'
    },
    headers: {}
  }
}
No data or invalid data received from the API.
Server Berjalan pada Port : 8000
opened connection
data kosong
Server Berjalan pada Port : 8000
opened connection
data kosong
Upload not successful, retrying...
Upload not successful, retrying...
Upload failed after 2 attempts
Server Berjalan pada Port : 8000
opened connection
