Error: Timed Out
    at C:\Users\Digital Architect SR\Desktop\bot_grading\node_modules\@whiskeysockets\baileys\lib\Utils\generics.js:137:32 {
  data: {
    stack: 'Error\n' +
      '    at promiseTimeout (C:\\Users\\Digital Architect SR\\Desktop\\bot_grading\\node_modules\\@whiskeysockets\\baileys\\lib\\Utils\\generics.js:132:19)\n' +
      '    at waitForMessage (C:\\Users\\Digital Architect SR\\Desktop\\bot_grading\\node_modules\\@whiskeysockets\\baileys\\lib\\Socket\\socket.js:114:53)\n' +
      '    at query (C:\\Users\\Digital Architect SR\\Desktop\\bot_grading\\node_modules\\@whiskeysockets\\baileys\\lib\\Socket\\socket.js:136:22)\n' +
      '    at getUSyncDevices (C:\\Users\\Digital Architect SR\\Desktop\\bot_grading\\node_modules\\@whiskeysockets\\baileys\\lib\\Socket\\messages-send.js:166:30)\n' +
      '    at C:\\Users\\Digital Architect SR\\Desktop\\bot_grading\\node_modules\\@whiskeysockets\\baileys\\lib\\Socket\\messages-send.js:357:53\n' +
      '    at Object.transaction (C:\\Users\\Digital Architect SR\\Desktop\\bot_grading\\node_modules\\@whiskeysockets\\baileys\\lib\\Utils\\auth-utils.js:136:32)\n' +
      '    at relayMessage (C:\\Users\\Digital Architect SR\\Desktop\\bot_grading\\node_modules\\@whiskeysockets\\baileys\\lib\\Socket\\messages-send.js:279:30)\n' +
      '    at Object.sendMessage (C:\\Users\\Digital Architect SR\\Desktop\\bot_grading\\node_modules\\@whiskeysockets\\baileys\\lib\\Socket\\messages-send.js:652:23)\n' +
      '    at process.processTicksAndRejections (node:internal/process/task_queues:95:5)\n' +
      '    at async C:\\Users\\Digital Architect SR\\Desktop\\bot_grading\\utils\\izinkebun\\helper.js:965:11'
  },
  isBoom: true,
  isServer: false,
  output: {
    statusCode: 408,
    payload: {
      statusCode: 408,
      error: 'Request Time-out',
      message: 'Timed Out'
    },
    headers: {}
  }
}
